<?xml version="1.0" encoding="UTF-8"?>
<!-- Generated by org.testng.reporters.JUnitReportReporter -->
<testsuite hostname="LAPTOP-QGFE5NMR" failures="0" tests="2" name="testCases.TC002_LoginTest" time="3.875" errors="0" timestamp="2025-09-11T15:05:45 IST" skipped="0">
  <testcase classname="testCases.TC002_LoginTest" name="verify_login" time="2.028"/>
  <testcase classname="testCases.TC002_LoginTest" name="verify_login" time="1.847"/>
</testsuite> <!-- testCases.TC002_LoginTest -->
