<?xml version="1.0" encoding="UTF-8"?>
<!-- Generated by org.testng.reporters.JUnitReportReporter -->
<testsuite hostname="LAPTOP-QGFE5NMR" failures="0" tests="2" name="testCases.TC001_AccountRegistrationTest" time="5.902" errors="0" timestamp="2025-09-11T15:05:45 IST" skipped="0">
  <testcase classname="testCases.TC001_AccountRegistrationTest" name="verify_account_regidtration" time="3.355"/>
  <testcase classname="testCases.TC001_AccountRegistrationTest" name="verify_account_regidtration" time="2.547"/>
</testsuite> <!-- testCases.TC001_AccountRegistrationTest -->
